# JRE version: OpenJDK Runtime Environment (21.0.4) (build 21.0.4+-12508038-b607.1)
# Java VM: OpenJDK 64-Bit Server VM (21.0.4+-12508038-b607.1, mixed mode, tiered, compressed oops, compressed class ptrs, g1 gc, windows-amd64)
GC Precious Log:
 CardTable entry size: 512
 Card Set container configuration: InlinePtr #cards 5 size 8 Array Of Cards #cards 12 size 40 Howl #buckets 4 coarsen threshold 1843 Howl Bitmap #cards 512 size 80 coarsen threshold 460 Card regions per heap region 1 cards per card region 2048
 CPUs: 8 total, 8 available
 Memory: 11979M
 Large Page Support: Disabled
 NUMA Support: Disabled
 Compressed Oops: Enabled (32-bit)
 Heap Region Size: 1M
 Heap Min Capacity: 8M
 Heap Initial Capacity: 188M
 Heap Max Capacity: 2G
 Pre-touch: Disabled
 Parallel Workers: 8
 Concurrent Workers: 2
 Concurrent Refinement Workers: 8
 Periodic GC: Disabled
Heap:
 garbage-first heap   total 150528K, used 98143K [0x0000000080000000, 0x0000000100000000)
  region size 1024K, 24 young (24576K), 6 survivors (6144K)
 Metaspace       used 91924K, committed 93888K, reserved 1179648K
  class space    used 12419K, committed 13376K, reserved 1048576K
GC Heap History (20 events):
Event: 19.848 GC heap before
{Heap before GC invocations=30 (full 0):
 garbage-first heap   total 106496K, used 82664K [0x0000000080000000, 0x0000000100000000)
  region size 1024K, 21 young (21504K), 1 survivors (1024K)
 Metaspace       used 69757K, committed 71488K, reserved 1114112K
  class space    used 9306K, committed 10176K, reserved 1048576K
}
Event: 19.851 GC heap after
{Heap after GC invocations=31 (full 0):
 garbage-first heap   total 106496K, used 63732K [0x0000000080000000, 0x0000000100000000)
  region size 1024K, 1 young (1024K), 1 survivors (1024K)
 Metaspace       used 69757K, committed 71488K, reserved 1114112K
  class space    used 9306K, committed 10176K, reserved 1048576K
}
Event: 20.345 GC heap before
{Heap before GC invocations=32 (full 0):
 garbage-first heap   total 107520K, used 85236K [0x0000000080000000, 0x0000000100000000)
  region size 1024K, 23 young (23552K), 1 survivors (1024K)
 Metaspace       used 72439K, committed 74112K, reserved 1114112K
  class space    used 9564K, committed 10368K, reserved 1048576K
}
Event: 20.349 GC heap after
{Heap after GC invocations=33 (full 0):
 garbage-first heap   total 107520K, used 64537K [0x0000000080000000, 0x0000000100000000)
  region size 1024K, 2 young (2048K), 2 survivors (2048K)
 Metaspace       used 72439K, committed 74112K, reserved 1114112K
  class space    used 9564K, committed 10368K, reserved 1048576K
}
Event: 20.930 GC heap before
{Heap before GC invocations=33 (full 0):
 garbage-first heap   total 107520K, used 89113K [0x0000000080000000, 0x0000000100000000)
  region size 1024K, 26 young (26624K), 2 survivors (2048K)
 Metaspace       used 75082K, committed 76800K, reserved 1179648K
  class space    used 9983K, committed 10880K, reserved 1048576K
}
Event: 20.936 GC heap after
{Heap after GC invocations=34 (full 0):
 garbage-first heap   total 107520K, used 65179K [0x0000000080000000, 0x0000000100000000)
  region size 1024K, 3 young (3072K), 3 survivors (3072K)
 Metaspace       used 75082K, committed 76800K, reserved 1179648K
  class space    used 9983K, committed 10880K, reserved 1048576K
}
Event: 21.140 GC heap before
{Heap before GC invocations=34 (full 0):
 garbage-first heap   total 107520K, used 72347K [0x0000000080000000, 0x0000000100000000)
  region size 1024K, 11 young (11264K), 3 survivors (3072K)
 Metaspace       used 76475K, committed 78272K, reserved 1179648K
  class space    used 10142K, committed 11072K, reserved 1048576K
}
Event: 21.145 GC heap after
{Heap after GC invocations=35 (full 0):
 garbage-first heap   total 107520K, used 66771K [0x0000000080000000, 0x0000000100000000)
  region size 1024K, 4 young (4096K), 4 survivors (4096K)
 Metaspace       used 76475K, committed 78272K, reserved 1179648K
  class space    used 10142K, committed 11072K, reserved 1048576K
}
Event: 21.604 GC heap before
{Heap before GC invocations=36 (full 0):
 garbage-first heap   total 119808K, used 97491K [0x0000000080000000, 0x0000000100000000)
  region size 1024K, 30 young (30720K), 4 survivors (4096K)
 Metaspace       used 77792K, committed 79552K, reserved 1179648K
  class space    used 10312K, committed 11200K, reserved 1048576K
}
Event: 21.610 GC heap after
{Heap after GC invocations=37 (full 0):
 garbage-first heap   total 119808K, used 70460K [0x0000000080000000, 0x0000000100000000)
  region size 1024K, 4 young (4096K), 4 survivors (4096K)
 Metaspace       used 77792K, committed 79552K, reserved 1179648K
  class space    used 10312K, committed 11200K, reserved 1048576K
}
Event: 22.373 GC heap before
{Heap before GC invocations=37 (full 0):
 garbage-first heap   total 119808K, used 100156K [0x0000000080000000, 0x0000000100000000)
  region size 1024K, 34 young (34816K), 4 survivors (4096K)
 Metaspace       used 80066K, committed 81920K, reserved 1179648K
  class space    used 10599K, committed 11520K, reserved 1048576K
}
Event: 22.380 GC heap after
{Heap after GC invocations=38 (full 0):
 garbage-first heap   total 119808K, used 72409K [0x0000000080000000, 0x0000000100000000)
  region size 1024K, 2 young (2048K), 2 survivors (2048K)
 Metaspace       used 80066K, committed 81920K, reserved 1179648K
  class space    used 10599K, committed 11520K, reserved 1048576K
}
Event: 22.991 GC heap before
{Heap before GC invocations=38 (full 0):
 garbage-first heap   total 119808K, used 103129K [0x0000000080000000, 0x0000000100000000)
  region size 1024K, 32 young (32768K), 2 survivors (2048K)
 Metaspace       used 80891K, committed 82688K, reserved 1179648K
  class space    used 10722K, committed 11648K, reserved 1048576K
}
Event: 22.996 GC heap after
{Heap after GC invocations=39 (full 0):
 garbage-first heap   total 119808K, used 74752K [0x0000000080000000, 0x0000000100000000)
  region size 1024K, 4 young (4096K), 4 survivors (4096K)
 Metaspace       used 80891K, committed 82688K, reserved 1179648K
  class space    used 10722K, committed 11648K, reserved 1048576K
}
Event: 23.890 GC heap before
{Heap before GC invocations=40 (full 0):
 garbage-first heap   total 124928K, used 105472K [0x0000000080000000, 0x0000000100000000)
  region size 1024K, 34 young (34816K), 4 survivors (4096K)
 Metaspace       used 82186K, committed 83968K, reserved 1179648K
  class space    used 10878K, committed 11776K, reserved 1048576K
}
Event: 23.897 GC heap after
{Heap after GC invocations=41 (full 0):
 garbage-first heap   total 150528K, used 76871K [0x0000000080000000, 0x0000000100000000)
  region size 1024K, 5 young (5120K), 5 survivors (5120K)
 Metaspace       used 82186K, committed 83968K, reserved 1179648K
  class space    used 10878K, committed 11776K, reserved 1048576K
}
Event: 25.050 GC heap before
{Heap before GC invocations=41 (full 0):
 garbage-first heap   total 150528K, used 126023K [0x0000000080000000, 0x0000000100000000)
  region size 1024K, 53 young (54272K), 5 survivors (5120K)
 Metaspace       used 85930K, committed 87808K, reserved 1179648K
  class space    used 11458K, committed 12416K, reserved 1048576K
}
Event: 25.057 GC heap after
{Heap after GC invocations=42 (full 0):
 garbage-first heap   total 150528K, used 78303K [0x0000000080000000, 0x0000000100000000)
  region size 1024K, 4 young (4096K), 4 survivors (4096K)
 Metaspace       used 85930K, committed 87808K, reserved 1179648K
  class space    used 11458K, committed 12416K, reserved 1048576K
}
Event: 26.319 GC heap before
{Heap before GC invocations=42 (full 0):
 garbage-first heap   total 150528K, used 132575K [0x0000000080000000, 0x0000000100000000)
  region size 1024K, 57 young (58368K), 4 survivors (4096K)
 Metaspace       used 90496K, committed 92480K, reserved 1179648K
  class space    used 12176K, committed 13184K, reserved 1048576K
}
Event: 26.327 GC heap after
{Heap after GC invocations=43 (full 0):
 garbage-first heap   total 150528K, used 80735K [0x0000000080000000, 0x0000000100000000)
  region size 1024K, 6 young (6144K), 6 survivors (6144K)
 Metaspace       used 90496K, committed 92480K, reserved 1179648K
  class space    used 12176K, committed 13184K, reserved 1048576K
}

