# JRE version: OpenJDK Runtime Environment (21.0.4) (build 21.0.4+-12508038-b607.1)
# Java VM: OpenJDK 64-Bit Server VM (21.0.4+-12508038-b607.1, mixed mode, tiered, compressed oops, compressed class ptrs, g1 gc, windows-amd64)
GC Precious Log:
 CardTable entry size: 512
 Card Set container configuration: InlinePtr #cards 5 size 8 Array Of Cards #cards 12 size 40 Howl #buckets 4 coarsen threshold 1843 Howl Bitmap #cards 512 size 80 coarsen threshold 460 Card regions per heap region 1 cards per card region 2048
 CPUs: 8 total, 8 available
 Memory: 11979M
 Large Page Support: Disabled
 NUMA Support: Disabled
 Compressed Oops: Enabled (32-bit)
 Heap Region Size: 1M
 Heap Min Capacity: 8M
 Heap Initial Capacity: 188M
 Heap Max Capacity: 2G
 Pre-touch: Disabled
 Parallel Workers: 8
 Concurrent Workers: 2
 Concurrent Refinement Workers: 8
 Periodic GC: Disabled
Heap:
 garbage-first heap   total 152576K, used 98847K [0x0000000080000000, 0x0000000100000000)
  region size 1024K, 24 young (24576K), 4 survivors (4096K)
 Metaspace       used 66320K, committed 68032K, reserved 1114112K
  class space    used 9071K, committed 9920K, reserved 1048576K
GC Heap History (20 events):
Event: 4.696 GC heap before
{Heap before GC invocations=7 (full 0):
 garbage-first heap   total 95232K, used 46529K [0x0000000080000000, 0x0000000100000000)
  region size 1024K, 12 young (12288K), 7 survivors (7168K)
 Metaspace       used 35416K, committed 36288K, reserved 1114112K
  class space    used 4752K, committed 5184K, reserved 1048576K
}
Event: 4.702 GC heap after
{Heap after GC invocations=8 (full 0):
 garbage-first heap   total 95232K, used 43848K [0x0000000080000000, 0x0000000100000000)
  region size 1024K, 1 young (1024K), 1 survivors (1024K)
 Metaspace       used 35416K, committed 36288K, reserved 1114112K
  class space    used 4752K, committed 5184K, reserved 1048576K
}
Event: 5.405 GC heap before
{Heap before GC invocations=9 (full 0):
 garbage-first heap   total 95232K, used 81736K [0x0000000080000000, 0x0000000100000000)
  region size 1024K, 38 young (38912K), 1 survivors (1024K)
 Metaspace       used 40275K, committed 41344K, reserved 1114112K
  class space    used 5533K, committed 6080K, reserved 1048576K
}
Event: 5.408 GC heap after
{Heap after GC invocations=10 (full 0):
 garbage-first heap   total 95232K, used 45364K [0x0000000080000000, 0x0000000100000000)
  region size 1024K, 3 young (3072K), 3 survivors (3072K)
 Metaspace       used 40275K, committed 41344K, reserved 1114112K
  class space    used 5533K, committed 6080K, reserved 1048576K
}
Event: 6.028 GC heap before
{Heap before GC invocations=10 (full 0):
 garbage-first heap   total 95232K, used 82228K [0x0000000080000000, 0x0000000100000000)
  region size 1024K, 39 young (39936K), 3 survivors (3072K)
 Metaspace       used 47453K, committed 48768K, reserved 1114112K
  class space    used 6459K, committed 7104K, reserved 1048576K
}
Event: 6.034 GC heap after
{Heap after GC invocations=11 (full 0):
 garbage-first heap   total 95232K, used 48154K [0x0000000080000000, 0x0000000100000000)
  region size 1024K, 5 young (5120K), 5 survivors (5120K)
 Metaspace       used 47453K, committed 48768K, reserved 1114112K
  class space    used 6459K, committed 7104K, reserved 1048576K
}
Event: 6.433 GC heap before
{Heap before GC invocations=11 (full 0):
 garbage-first heap   total 95232K, used 81946K [0x0000000080000000, 0x0000000100000000)
  region size 1024K, 39 young (39936K), 5 survivors (5120K)
 Metaspace       used 49625K, committed 50880K, reserved 1114112K
  class space    used 6683K, committed 7296K, reserved 1048576K
}
Event: 6.439 GC heap after
{Heap after GC invocations=12 (full 0):
 garbage-first heap   total 95232K, used 52052K [0x0000000080000000, 0x0000000100000000)
  region size 1024K, 4 young (4096K), 4 survivors (4096K)
 Metaspace       used 49625K, committed 50880K, reserved 1114112K
  class space    used 6683K, committed 7296K, reserved 1048576K
}
Event: 7.156 GC heap before
{Heap before GC invocations=13 (full 0):
 garbage-first heap   total 97280K, used 88916K [0x0000000080000000, 0x0000000100000000)
  region size 1024K, 35 young (35840K), 4 survivors (4096K)
 Metaspace       used 54023K, committed 55552K, reserved 1114112K
  class space    used 7289K, committed 8064K, reserved 1048576K
}
Event: 7.161 GC heap after
{Heap after GC invocations=14 (full 0):
 garbage-first heap   total 97280K, used 53743K [0x0000000080000000, 0x0000000100000000)
  region size 1024K, 3 young (3072K), 3 survivors (3072K)
 Metaspace       used 54023K, committed 55552K, reserved 1114112K
  class space    used 7289K, committed 8064K, reserved 1048576K
}
Event: 7.893 GC heap before
{Heap before GC invocations=14 (full 0):
 garbage-first heap   total 103424K, used 93679K [0x0000000080000000, 0x0000000100000000)
  region size 1024K, 35 young (35840K), 3 survivors (3072K)
 Metaspace       used 56322K, committed 57792K, reserved 1114112K
  class space    used 7641K, committed 8384K, reserved 1048576K
}
Event: 7.898 GC heap after
{Heap after GC invocations=15 (full 0):
 garbage-first heap   total 103424K, used 66403K [0x0000000080000000, 0x0000000100000000)
  region size 1024K, 5 young (5120K), 5 survivors (5120K)
 Metaspace       used 56322K, committed 57792K, reserved 1114112K
  class space    used 7641K, committed 8384K, reserved 1048576K
}
Event: 7.984 GC heap before
{Heap before GC invocations=15 (full 0):
 garbage-first heap   total 103424K, used 70499K [0x0000000080000000, 0x0000000100000000)
  region size 1024K, 10 young (10240K), 5 survivors (5120K)
 Metaspace       used 56508K, committed 58048K, reserved 1114112K
  class space    used 7676K, committed 8448K, reserved 1048576K
}
Event: 7.988 GC heap after
{Heap after GC invocations=16 (full 0):
 garbage-first heap   total 103424K, used 67992K [0x0000000080000000, 0x0000000100000000)
  region size 1024K, 2 young (2048K), 2 survivors (2048K)
 Metaspace       used 56508K, committed 58048K, reserved 1114112K
  class space    used 7676K, committed 8448K, reserved 1048576K
}
Event: 8.461 GC heap before
{Heap before GC invocations=17 (full 0):
 garbage-first heap   total 126976K, used 99736K [0x0000000080000000, 0x0000000100000000)
  region size 1024K, 26 young (26624K), 2 survivors (2048K)
 Metaspace       used 58583K, committed 60160K, reserved 1114112K
  class space    used 7844K, committed 8640K, reserved 1048576K
}
Event: 8.904 GC heap after
{Heap after GC invocations=18 (full 0):
 garbage-first heap   total 152576K, used 76707K [0x0000000080000000, 0x0000000100000000)
  region size 1024K, 4 young (4096K), 4 survivors (4096K)
 Metaspace       used 58583K, committed 60160K, reserved 1114112K
  class space    used 7844K, committed 8640K, reserved 1048576K
}
Event: 8.943 GC heap before
{Heap before GC invocations=18 (full 0):
 garbage-first heap   total 152576K, used 79779K [0x0000000080000000, 0x0000000100000000)
  region size 1024K, 7 young (7168K), 4 survivors (4096K)
 Metaspace       used 58727K, committed 60288K, reserved 1114112K
  class space    used 7867K, committed 8640K, reserved 1048576K
}
Event: 8.947 GC heap after
{Heap after GC invocations=19 (full 0):
 garbage-first heap   total 152576K, used 76500K [0x0000000080000000, 0x0000000100000000)
  region size 1024K, 1 young (1024K), 1 survivors (1024K)
 Metaspace       used 58727K, committed 60288K, reserved 1114112K
  class space    used 7867K, committed 8640K, reserved 1048576K
}
Event: 10.735 GC heap before
{Heap before GC invocations=19 (full 0):
 garbage-first heap   total 152576K, used 121556K [0x0000000080000000, 0x0000000100000000)
  region size 1024K, 46 young (47104K), 1 survivors (1024K)
 Metaspace       used 64355K, committed 65984K, reserved 1114112K
  class space    used 8740K, committed 9536K, reserved 1048576K
}
Event: 10.738 GC heap after
{Heap after GC invocations=20 (full 0):
 garbage-first heap   total 152576K, used 79391K [0x0000000080000000, 0x0000000100000000)
  region size 1024K, 4 young (4096K), 4 survivors (4096K)
 Metaspace       used 64355K, committed 65984K, reserved 1114112K
  class space    used 8740K, committed 9536K, reserved 1048576K
}

