# JRE version: OpenJDK Runtime Environment (21.0.4) (build 21.0.4+-12508038-b607.1)
# Java VM: OpenJDK 64-Bit Server VM (21.0.4+-12508038-b607.1, mixed mode, tiered, compressed oops, compressed class ptrs, g1 gc, windows-amd64)
GC Precious Log:
 CardTable entry size: 512
 Card Set container configuration: InlinePtr #cards 5 size 8 Array Of Cards #cards 12 size 40 Howl #buckets 4 coarsen threshold 1843 Howl Bitmap #cards 512 size 80 coarsen threshold 460 Card regions per heap region 1 cards per card region 2048
 CPUs: 8 total, 8 available
 Memory: 11979M
 Large Page Support: Disabled
 NUMA Support: Disabled
 Compressed Oops: Enabled (32-bit)
 Heap Region Size: 1M
 Heap Min Capacity: 8M
 Heap Initial Capacity: 188M
 Heap Max Capacity: 2G
 Pre-touch: Disabled
 Parallel Workers: 8
 Concurrent Workers: 2
 Concurrent Refinement Workers: 8
 Periodic GC: Disabled
Heap:
 garbage-first heap   total 234496K, used 167936K [0x0000000080000000, 0x0000000100000000)
  region size 1024K, 33 young (33792K), 10 survivors (10240K)
 Metaspace       used 138260K, committed 140608K, reserved 1179648K
  class space    used 18472K, committed 19648K, reserved 1048576K
GC Heap History (20 events):
Event: 64.103 GC heap before
{Heap before GC invocations=48 (full 0):
 garbage-first heap   total 165888K, used 141312K [0x0000000080000000, 0x0000000100000000)
  region size 1024K, 29 young (29696K), 5 survivors (5120K)
 Metaspace       used 108246K, committed 110400K, reserved 1179648K
  class space    used 14507K, committed 15552K, reserved 1048576K
}
Event: 64.112 GC heap after
{Heap after GC invocations=49 (full 0):
 garbage-first heap   total 199680K, used 118513K [0x0000000080000000, 0x0000000100000000)
  region size 1024K, 2 young (2048K), 2 survivors (2048K)
 Metaspace       used 108246K, committed 110400K, reserved 1179648K
  class space    used 14507K, committed 15552K, reserved 1048576K
}
Event: 64.381 GC heap before
{Heap before GC invocations=49 (full 0):
 garbage-first heap   total 199680K, used 130801K [0x0000000080000000, 0x0000000100000000)
  region size 1024K, 16 young (16384K), 2 survivors (2048K)
 Metaspace       used 108706K, committed 110912K, reserved 1179648K
  class space    used 14547K, committed 15680K, reserved 1048576K
}
Event: 64.392 GC heap after
{Heap after GC invocations=50 (full 0):
 garbage-first heap   total 199680K, used 127535K [0x0000000080000000, 0x0000000100000000)
  region size 1024K, 7 young (7168K), 7 survivors (7168K)
 Metaspace       used 108706K, committed 110912K, reserved 1179648K
  class space    used 14547K, committed 15680K, reserved 1048576K
}
Event: 65.352 GC heap before
{Heap before GC invocations=51 (full 0):
 garbage-first heap   total 232448K, used 183855K [0x0000000080000000, 0x0000000100000000)
  region size 1024K, 48 young (49152K), 7 survivors (7168K)
 Metaspace       used 111019K, committed 113216K, reserved 1179648K
  class space    used 14809K, committed 15936K, reserved 1048576K
}
Event: 65.364 GC heap after
{Heap after GC invocations=52 (full 0):
 garbage-first heap   total 232448K, used 130917K [0x0000000080000000, 0x0000000100000000)
  region size 1024K, 4 young (4096K), 4 survivors (4096K)
 Metaspace       used 111019K, committed 113216K, reserved 1179648K
  class space    used 14809K, committed 15936K, reserved 1048576K
}
Event: 66.727 GC heap before
{Heap before GC invocations=52 (full 0):
 garbage-first heap   total 232448K, used 199525K [0x0000000080000000, 0x0000000100000000)
  region size 1024K, 72 young (73728K), 4 survivors (4096K)
 Metaspace       used 112590K, committed 114752K, reserved 1179648K
  class space    used 15005K, committed 16064K, reserved 1048576K
}
Event: 66.736 GC heap after
{Heap after GC invocations=53 (full 0):
 garbage-first heap   total 232448K, used 135005K [0x0000000080000000, 0x0000000100000000)
  region size 1024K, 9 young (9216K), 9 survivors (9216K)
 Metaspace       used 112590K, committed 114752K, reserved 1179648K
  class space    used 15005K, committed 16064K, reserved 1048576K
}
Event: 67.296 GC heap before
{Heap before GC invocations=53 (full 0):
 garbage-first heap   total 232448K, used 202589K [0x0000000080000000, 0x0000000100000000)
  region size 1024K, 76 young (77824K), 9 survivors (9216K)
 Metaspace       used 114169K, committed 116416K, reserved 1179648K
  class space    used 15214K, committed 16320K, reserved 1048576K
}
Event: 67.308 GC heap after
{Heap after GC invocations=54 (full 0):
 garbage-first heap   total 232448K, used 135969K [0x0000000080000000, 0x0000000100000000)
  region size 1024K, 5 young (5120K), 5 survivors (5120K)
 Metaspace       used 114169K, committed 116416K, reserved 1179648K
  class space    used 15214K, committed 16320K, reserved 1048576K
}
Event: 69.972 GC heap before
{Heap before GC invocations=54 (full 0):
 garbage-first heap   total 232448K, used 206625K [0x0000000080000000, 0x0000000100000000)
  region size 1024K, 75 young (76800K), 5 survivors (5120K)
 Metaspace       used 117428K, committed 119616K, reserved 1179648K
  class space    used 15603K, committed 16704K, reserved 1048576K
}
Event: 69.981 GC heap after
{Heap after GC invocations=55 (full 0):
 garbage-first heap   total 232448K, used 139597K [0x0000000080000000, 0x0000000100000000)
  region size 1024K, 9 young (9216K), 9 survivors (9216K)
 Metaspace       used 117428K, committed 119616K, reserved 1179648K
  class space    used 15603K, committed 16704K, reserved 1048576K
}
Event: 71.765 GC heap before
{Heap before GC invocations=56 (full 0):
 garbage-first heap   total 232448K, used 201037K [0x0000000080000000, 0x0000000100000000)
  region size 1024K, 77 young (78848K), 9 survivors (9216K)
 Metaspace       used 121046K, committed 123200K, reserved 1179648K
  class space    used 16070K, committed 17152K, reserved 1048576K
}
Event: 71.784 GC heap after
{Heap after GC invocations=57 (full 0):
 garbage-first heap   total 232448K, used 137322K [0x0000000080000000, 0x0000000100000000)
  region size 1024K, 10 young (10240K), 10 survivors (10240K)
 Metaspace       used 121046K, committed 123200K, reserved 1179648K
  class space    used 16070K, committed 17152K, reserved 1048576K
}
Event: 74.570 GC heap before
{Heap before GC invocations=57 (full 0):
 garbage-first heap   total 232448K, used 210026K [0x0000000080000000, 0x0000000100000000)
  region size 1024K, 78 young (79872K), 10 survivors (10240K)
 Metaspace       used 127851K, committed 130112K, reserved 1179648K
  class space    used 16927K, committed 18048K, reserved 1048576K
}
Event: 74.603 GC heap after
{Heap after GC invocations=58 (full 0):
 garbage-first heap   total 234496K, used 141312K [0x0000000080000000, 0x0000000100000000)
  region size 1024K, 10 young (10240K), 10 survivors (10240K)
 Metaspace       used 127851K, committed 130112K, reserved 1179648K
  class space    used 16927K, committed 18048K, reserved 1048576K
}
Event: 75.193 GC heap before
{Heap before GC invocations=58 (full 0):
 garbage-first heap   total 234496K, used 155648K [0x0000000080000000, 0x0000000100000000)
  region size 1024K, 25 young (25600K), 10 survivors (10240K)
 Metaspace       used 128392K, committed 130688K, reserved 1179648K
  class space    used 16988K, committed 18112K, reserved 1048576K
}
Event: 75.203 GC heap after
{Heap after GC invocations=59 (full 0):
 garbage-first heap   total 234496K, used 137402K [0x0000000080000000, 0x0000000100000000)
  region size 1024K, 2 young (2048K), 2 survivors (2048K)
 Metaspace       used 128392K, committed 130688K, reserved 1179648K
  class space    used 16988K, committed 18112K, reserved 1048576K
}
Event: 77.832 GC heap before
{Heap before GC invocations=60 (full 0):
 garbage-first heap   total 234496K, used 211130K [0x0000000080000000, 0x0000000100000000)
  region size 1024K, 73 young (74752K), 2 survivors (2048K)
 Metaspace       used 135294K, committed 137600K, reserved 1179648K
  class space    used 17989K, committed 19136K, reserved 1048576K
}
Event: 77.846 GC heap after
{Heap after GC invocations=61 (full 0):
 garbage-first heap   total 234496K, used 146432K [0x0000000080000000, 0x0000000100000000)
  region size 1024K, 10 young (10240K), 10 survivors (10240K)
 Metaspace       used 135294K, committed 137600K, reserved 1179648K
  class space    used 17989K, committed 19136K, reserved 1048576K
}

